#
# A fatal error has been detected by the Java Runtime Environment:
#
#  SIGSEGV (0xb) at pc=0x00007f11a10697ba, pid=4364, tid=0x00007f113edca700
#
# JRE version: OpenJDK Runtime Environment (8.0_121-b13) (build 1.8.0_121-8u121-b13-0ubuntu1.16.04.2-b13)
# Java VM: OpenJDK 64-Bit Server VM (25.121-b13 mixed mode linux-amd64 compressed oops)
# Problematic frame:
# v  ~BufferBlob::jni_fast_GetLongField
#
# Failed to write core dump. Core dumps have been disabled. To enable core dumping, try "ulimit -c unlimited" before starting Java again
#
# If you would like to submit a bug report, please visit:
#   http://bugreport.java.com/bugreport/crash.jsp
# The crash happened outside the Java Virtual Machine in native code.
# See problematic frame for where to report the bug.
#

---------------  T H R E A D  ---------------

Current thread (0x00007f1144759000):  JavaThread "AWT-XAWT" daemon [_thread_in_native, id=4487, stack(0x00007f113ecca000,0x00007f113edcb000)]

siginfo: si_signo: 11 (SIGSEGV), si_code: 1 (SEGV_MAPERR), si_addr: 0x0000000000000000

Registers:
RAX=0x00007f11b87bdfe0, RBX=0x00007f11447591e0, RCX=0x0000000000000000, RDX=0x0000000000000042
RSP=0x00007f113edc9838, RBP=0x00007f113edc9860, RSI=0x0000000000000000, RDI=0x00007f11447591e0
R8 =0x0000000000000000, R9 =0x0000000000000000, R10=0x00000000000003f2, R11=0x00007f11a17470d8
R12=0x00007f11200045b0, R13=0x0000000000000000, R14=0x00007f118202fb00, R15=0x00007f1144759000
RIP=0x00007f11a10697ba, EFLAGS=0x0000000000010246, CSGSFS=0x0000000000000033, ERR=0x0000000000000004
  TRAPNO=0x000000000000000e

Top of Stack: (sp=0x00007f113edc9838)
0x00007f113edc9838:   00007f1181e0cf74 00007f113fa5f0c8
0x00007f113edc9848:   00007f11200045b0 00007f113edc9910
0x00007f113edc9858:   00007f113edc98e0 0000000000000000
0x00007f113edc9868:   00007f11818ef3c0 00007f113fa5f0c8
0x00007f113edc9878:   00007f113edc98a0 0000000000000000
0x00007f113edc9888:   00007f11818e6f93 00007f113edc9910
0x00007f113edc9898:   00007f1181e04cef 00007f113edc98f0
0x00007f113edc98a8:   00007f11a1747176 0000000000000000
0x00007f113edc98b8:   00007f11a1670a76 00007f113edc9970
0x00007f113edc98c8:   00007f11a163d484 00007f113edc9970
0x00007f113edc98d8:   0000000086c4d1b0 00000000862cc4a0
0x00007f113edc98e8:   0000000000000079 00007f113edc9970
0x00007f113edc98f8:   00007f11a10077d0 00007f113edc9970
0x00007f113edc9908:   00007f11a10077d0 0000000000000000
0x00007f113edc9918:   00007f11a1007b10 00007f1130000e30
0x00007f113edc9928:   0000000086cde840 00007f113edc9930
0x00007f113edc9938:   00007f113fa3617c 00007f113edc99b8
0x00007f113edc9948:   00007f113fa50028 0000000000000000
0x00007f113edc9958:   00007f113fa362b8 00007f113edc9910
0x00007f113edc9968:   00007f113edc99b0 00007f113edc9a00
0x00007f113edc9978:   00007f11a1007ffd 0000000000000000
0x00007f113edc9988:   00000000fc05fc98 0000000000000000
0x00007f113edc9998:   0000000000000000 0000000000000000
0x00007f113edc99a8:   0000000086cde840 0000000000000000
0x00007f113edc99b8:   0000000086b59438 00007f113edc99c0
0x00007f113edc99c8:   00007f113fa35fbd 00007f113edc9a10
0x00007f113edc99d8:   00007f113fa50028 0000000000000000
0x00007f113edc99e8:   00007f113fa35fc8 00007f113edc99b0
0x00007f113edc99f8:   00007f113edc9a10 00007f113edc9a58
0x00007f113edc9a08:   00007f11a1008042 0000000086b59438
0x00007f113edc9a18:   00007f113edc9a18 00007f11b45bc993
0x00007f113edc9a28:   00007f113edc9a68 00007f11b4644010 

Instructions: (pc=0x00007f11a10697ba)
0x00007f11a106979a:   00 00 00 00 00 00 44 8b 15 8d 13 78 17 4c 8b ce
0x00007f11a10697aa:   41 f6 c2 01 0f 85 2e 00 00 00 4d 33 ca 4d 33 ca
0x00007f11a10697ba:   4d 8b 09 4c 8b da 49 c1 eb 02 4b 8b 04 19 49 bb
0x00007f11a10697ca:   34 ab 7e b8 11 7f 00 00 4c 33 d8 4c 33 d8 45 3b 

Register to memory mapping:

RAX=0x00007f11b87bdfe0: <offset 0xef1fe0> in /usr/lib/jvm/java-8-openjdk-amd64/jre/lib/amd64/server/libjvm.so at 0x00007f11b78cc000
RBX=0x00007f11447591e0 is an unknown value
RCX=0x0000000000000000 is an unknown value
RDX=0x0000000000000042 is an unknown value
RSP=0x00007f113edc9838 is pointing into the stack for thread: 0x00007f1144759000
RBP=0x00007f113edc9860 is pointing into the stack for thread: 0x00007f1144759000
RSI=0x0000000000000000 is an unknown value
RDI=0x00007f11447591e0 is an unknown value
R8 =0x0000000000000000 is an unknown value
R9 =0x0000000000000000 is an unknown value
R10=0x00000000000003f2 is an unknown value
R11=0x00007f11a17470d8 is at entry_point+24 in (nmethod*)0x00007f11a1746f50
R12=0x00007f11200045b0 is an unknown value
R13=0x0000000000000000 is an unknown value
R14=0x00007f118202fb00: <offset 0x258b00> in /usr/lib/jvm/java-8-openjdk-amd64/jre/lib/amd64/libawt_xawt.so at 0x00007f1181dd7000
R15=0x00007f1144759000 is a thread


Stack: [0x00007f113ecca000,0x00007f113edcb000],  sp=0x00007f113edc9838,  free space=1022k
Native frames: (J=compiled Java code, j=interpreted, Vv=VM code, C=native code)
v  ~BufferBlob::jni_fast_GetLongField
C  [libX11.so.6+0x643c0]  _XimServerDestroy+0x70

Java frames: (J=compiled Java code, j=interpreted, Vv=VM code)
J 3212  sun.awt.X11.XlibWrapper.XFilterEvent(JJ)Z (0 bytes) @ 0x00007f11a1747104 [0x00007f11a17470c0+0x44]
j  sun.awt.X11.XToolkit.run(Z)V+300
j  sun.awt.X11.XToolkit.run()V+5
j  java.lang.Thread.run()V+11
v  ~StubRoutines::call_stub

---------------  P R O C E S S  ---------------

Java Threads: ( => current thread )
  0x00007f1178003000 JavaThread "SIGTERM handler" daemon [_thread_blocked, id=15404, stack(0x00007f113e5bc000,0x00007f113e6bd000)]
  0x00007f1150006000 JavaThread "XToolkt-Shutdown-Thread" daemon [_thread_blocked, id=15373, stack(0x00007f1183121000,0x00007f1183222000)]
  0x00007f1178002000 JavaThread "SIGHUP handler" daemon [_thread_blocked, id=15370, stack(0x00007f1182d07000,0x00007f1182e08000)]
  0x00007f1178001000 JavaThread "SIGTERM handler" daemon [_thread_blocked, id=15368, stack(0x00007f1182c06000,0x00007f1182d07000)]
=>0x00007f1144759000 JavaThread "AWT-XAWT" daemon [_thread_in_native, id=4487, stack(0x00007f113ecca000,0x00007f113edcb000)]
  0x00007f1144706000 JavaThread "Java2D Disposer" daemon [_thread_blocked, id=4486, stack(0x00007f113f1db000,0x00007f113f2dc000)]
  0x00007f115c003000 JavaThread "clojure-agent-send-off-pool-4" [_thread_in_native, id=4435, stack(0x00007f1182b05000,0x00007f1182c06000)]
  0x00007f11b00c4000 JavaThread "Service Thread" daemon [_thread_blocked, id=4381, stack(0x00007f1183923000,0x00007f1183a24000)]
  0x00007f11b00b4800 JavaThread "C1 CompilerThread2" daemon [_thread_blocked, id=4380, stack(0x00007f1183a24000,0x00007f1183b25000)]
  0x00007f11b00b3000 JavaThread "C2 CompilerThread1" daemon [_thread_blocked, id=4379, stack(0x00007f1183b25000,0x00007f1183c26000)]
  0x00007f11b00b0000 JavaThread "C2 CompilerThread0" daemon [_thread_blocked, id=4378, stack(0x00007f1183c26000,0x00007f1183d27000)]
  0x00007f11b00ae000 JavaThread "Signal Dispatcher" daemon [_thread_blocked, id=4377, stack(0x00007f119805e000,0x00007f119815f000)]
  0x00007f11b0086000 JavaThread "Finalizer" daemon [_thread_blocked, id=4376, stack(0x00007f119815f000,0x00007f1198260000)]
  0x00007f11b0081800 JavaThread "Reference Handler" daemon [_thread_blocked, id=4375, stack(0x00007f11a00f1000,0x00007f11a01f2000)]
  0x00007f11b000c000 JavaThread "main" [_thread_blocked, id=4369, stack(0x00007f11b9517000,0x00007f11b9618000)]

Other Threads:
  0x00007f11b0079800 VMThread [stack: 0x00007f11a01f2000,0x00007f11a02f3000] [id=4374]
  0x00007f11b00c6800 WatcherThread [stack: 0x00007f1183822000,0x00007f1183923000] [id=4382]

VM state:not at safepoint (normal execution)

VM Mutex/Monitor currently owned by a thread: None

Heap:
 PSYoungGen      total 640000K, used 176696K [0x00000000d6f00000, 0x00000000ffe80000, 0x0000000100000000)
  eden space 607232K, 26% used [0x00000000d6f00000,0x00000000e0c08e40,0x00000000fc000000)
  from space 32768K, 48% used [0x00000000fc000000,0x00000000fcf85508,0x00000000fe000000)
  to   space 31232K, 0% used [0x00000000fe000000,0x00000000fe000000,0x00000000ffe80000)
 ParOldGen       total 147456K, used 39083K [0x0000000084c00000, 0x000000008dc00000, 0x00000000d6f00000)
  object space 147456K, 26% used [0x0000000084c00000,0x000000008722afb8,0x000000008dc00000)
 Metaspace       used 45456K, capacity 61424K, committed 61592K, reserved 1091584K
  class space    used 12281K, capacity 18811K, committed 18856K, reserved 1048576K

Card table byte_map: [0x00007f11b57ff000,0x00007f11b5bda000] byte_map_base: 0x00007f11b53d9000

Marking Bits: (ParMarkBitMap*) 0x00007f11b87ea220
 Begin Bits: [0x00007f1198260000, 0x00007f119a130000)
 End Bits:   [0x00007f119a130000, 0x00007f119c000000)

Polling page: 0x00007f11b963c000

CodeCache: size=245760Kb used=9408Kb max_used=9408Kb free=236352Kb
 bounds [0x00007f11a1000000, 0x00007f11a1940000, 0x00007f11b0000000]
 total_blobs=4954 nmethods=4301 adapters=566
 compilation: enabled

Compilation events (10 events):
Event: 2571,805 Thread 0x00007f11b00b4800 4318       1       java.util.Vector::<init> (53 bytes)
Event: 2571,806 Thread 0x00007f11b00b4800 nmethod 4318 0x00007f11a192f010 code [0x00007f11a192f180, 0x00007f11a192f358]
Event: 2571,806 Thread 0x00007f11b00b4800 4319  s    1       java.util.Vector::toArray (12 bytes)
Event: 2571,806 Thread 0x00007f11b00b4800 nmethod 4319 0x00007f11a192f410 code [0x00007f11a192f580, 0x00007f11a192f828]
Event: 7579,105 Thread 0x00007f11b00b4800 4320   !   1       sun.awt.X11.XToolkit$1::dispatchEvent (34 bytes)
Event: 7579,108 Thread 0x00007f11b00b4800 nmethod 4320 0x00007f11a192f910 code [0x00007f11a192fae0, 0x00007f11a192ff98]
Event: 7579,108 Thread 0x00007f11b00b4800 4321       1       sun.awt.X11.XMSelection$1::dispatchEvent (10 bytes)
Event: 7579,109 Thread 0x00007f11b00b4800 nmethod 4321 0x00007f11a19303d0 code [0x00007f11a1930560, 0x00007f11a1930738]
Event: 7579,109 Thread 0x00007f11b00b4800 4322       1       sun.awt.X11.XMSelection::processRootEvent (32 bytes)
Event: 7579,110 Thread 0x00007f11b00b4800 nmethod 4322 0x00007f11a19308d0 code [0x00007f11a1930a60, 0x00007f11a1930c18]

GC Heap History (10 events):
Event: 242,008 GC heap before
{Heap before GC invocations=36 (full 3):
 PSYoungGen      total 647680K, used 644166K [0x00000000d6f00000, 0x0000000100000000, 0x0000000100000000)
  eden space 625664K, 100% used [0x00000000d6f00000,0x00000000fd200000,0x00000000fd200000)
  from space 22016K, 84% used [0x00000000fea80000,0x00000000ffc91ad0,0x0000000100000000)
  to   space 23552K, 0% used [0x00000000fd200000,0x00000000fd200000,0x00000000fe900000)
 ParOldGen       total 147456K, used 36163K [0x0000000084c00000, 0x000000008dc00000, 0x00000000d6f00000)
  object space 147456K, 24% used [0x0000000084c00000,0x0000000086f50fb8,0x000000008dc00000)
 Metaspace       used 45164K, capacity 61014K, committed 61208K, reserved 1091584K
  class space    used 12181K, capacity 18677K, committed 18728K, reserved 1048576K
Event: 242,067 GC heap after
Heap after GC invocations=36 (full 3):
 PSYoungGen      total 649216K, used 23529K [0x00000000d6f00000, 0x0000000100000000, 0x0000000100000000)
  eden space 625664K, 0% used [0x00000000d6f00000,0x00000000d6f00000,0x00000000fd200000)
  from space 23552K, 99% used [0x00000000fd200000,0x00000000fe8fa4c0,0x00000000fe900000)
  to   space 23552K, 0% used [0x00000000fe900000,0x00000000fe900000,0x0000000100000000)
 ParOldGen       total 147456K, used 38931K [0x0000000084c00000, 0x000000008dc00000, 0x00000000d6f00000)
  object space 147456K, 26% used [0x0000000084c00000,0x0000000087204fb8,0x000000008dc00000)
 Metaspace       used 45164K, capacity 61014K, committed 61208K, reserved 1091584K
  class space    used 12181K, capacity 18677K, committed 18728K, reserved 1048576K
}
Event: 244,728 GC heap before
{Heap before GC invocations=37 (full 3):
 PSYoungGen      total 649216K, used 649193K [0x00000000d6f00000, 0x0000000100000000, 0x0000000100000000)
  eden space 625664K, 100% used [0x00000000d6f00000,0x00000000fd200000,0x00000000fd200000)
  from space 23552K, 99% used [0x00000000fd200000,0x00000000fe8fa4c0,0x00000000fe900000)
  to   space 23552K, 0% used [0x00000000fe900000,0x00000000fe900000,0x0000000100000000)
 ParOldGen       total 147456K, used 38931K [0x0000000084c00000, 0x000000008dc00000, 0x00000000d6f00000)
  object space 147456K, 26% used [0x0000000084c00000,0x0000000087204fb8,0x000000008dc00000)
 Metaspace       used 45167K, capacity 61014K, committed 61208K, reserved 1091584K
  class space    used 12181K, capacity 18677K, committed 18728K, reserved 1048576K
Event: 244,764 GC heap after
Heap after GC invocations=37 (full 3):
 PSYoungGen      total 634880K, used 23527K [0x00000000d6f00000, 0x0000000100000000, 0x0000000100000000)
  eden space 611328K, 0% used [0x00000000d6f00000,0x00000000d6f00000,0x00000000fc400000)
  from space 23552K, 99% used [0x00000000fe900000,0x00000000ffff9ee8,0x0000000100000000)
  to   space 30720K, 0% used [0x00000000fc400000,0x00000000fc400000,0x00000000fe200000)
 ParOldGen       total 147456K, used 39067K [0x0000000084c00000, 0x000000008dc00000, 0x00000000d6f00000)
  object space 147456K, 26% used [0x0000000084c00000,0x0000000087226fb8,0x000000008dc00000)
 Metaspace       used 45167K, capacity 61014K, committed 61208K, reserved 1091584K
  class space    used 12181K, capacity 18677K, committed 18728K, reserved 1048576K
}
Event: 247,490 GC heap before
{Heap before GC invocations=38 (full 3):
 PSYoungGen      total 634880K, used 634855K [0x00000000d6f00000, 0x0000000100000000, 0x0000000100000000)
  eden space 611328K, 100% used [0x00000000d6f00000,0x00000000fc400000,0x00000000fc400000)
  from space 23552K, 99% used [0x00000000fe900000,0x00000000ffff9ee8,0x0000000100000000)
  to   space 30720K, 0% used [0x00000000fc400000,0x00000000fc400000,0x00000000fe200000)
 ParOldGen       total 147456K, used 39067K [0x0000000084c00000, 0x000000008dc00000, 0x00000000d6f00000)
  object space 147456K, 26% used [0x0000000084c00000,0x0000000087226fb8,0x000000008dc00000)
 Metaspace       used 45167K, capacity 61014K, committed 61208K, reserved 1091584K
  class space    used 12181K, capacity 18677K, committed 18728K, reserved 1048576K
Event: 247,522 GC heap after
Heap after GC invocations=38 (full 3):
 PSYoungGen      total 631296K, used 19653K [0x00000000d6f00000, 0x0000000100000000, 0x0000000100000000)
  eden space 611328K, 0% used [0x00000000d6f00000,0x00000000d6f00000,0x00000000fc400000)
  from space 19968K, 98% used [0x00000000fc400000,0x00000000fd7315d8,0x00000000fd780000)
  to   space 31232K, 0% used [0x00000000fe180000,0x00000000fe180000,0x0000000100000000)
 ParOldGen       total 147456K, used 39075K [0x0000000084c00000, 0x000000008dc00000, 0x00000000d6f00000)
  object space 147456K, 26% used [0x0000000084c00000,0x0000000087228fb8,0x000000008dc00000)
 Metaspace       used 45167K, capacity 61014K, committed 61208K, reserved 1091584K
  class space    used 12181K, capacity 18677K, committed 18728K, reserved 1048576K
}
Event: 250,257 GC heap before
{Heap before GC invocations=39 (full 3):
 PSYoungGen      total 631296K, used 630981K [0x00000000d6f00000, 0x0000000100000000, 0x0000000100000000)
  eden space 611328K, 100% used [0x00000000d6f00000,0x00000000fc400000,0x00000000fc400000)
  from space 19968K, 98% used [0x00000000fc400000,0x00000000fd7315d8,0x00000000fd780000)
  to   space 31232K, 0% used [0x00000000fe180000,0x00000000fe180000,0x0000000100000000)
 ParOldGen       total 147456K, used 39075K [0x0000000084c00000, 0x000000008dc00000, 0x00000000d6f00000)
  object space 147456K, 26% used [0x0000000084c00000,0x0000000087228fb8,0x000000008dc00000)
 Metaspace       used 45167K, capacity 61014K, committed 61208K, reserved 1091584K
  class space    used 12181K, capacity 18677K, committed 18728K, reserved 1048576K
Event: 250,290 GC heap after
Heap after GC invocations=39 (full 3):
 PSYoungGen      total 638464K, used 23591K [0x00000000d6f00000, 0x0000000100000000, 0x0000000100000000)
  eden space 607232K, 0% used [0x00000000d6f00000,0x00000000d6f00000,0x00000000fc000000)
  from space 31232K, 75% used [0x00000000fe180000,0x00000000ff889ee8,0x0000000100000000)
  to   space 32768K, 0% used [0x00000000fc000000,0x00000000fc000000,0x00000000fe000000)
 ParOldGen       total 147456K, used 39075K [0x0000000084c00000, 0x000000008dc00000, 0x00000000d6f00000)
  object space 147456K, 26% used [0x0000000084c00000,0x0000000087228fb8,0x000000008dc00000)
 Metaspace       used 45167K, capacity 61014K, committed 61208K, reserved 1091584K
  class space    used 12181K, capacity 18677K, committed 18728K, reserved 1048576K
}
Event: 336,001 GC heap before
{Heap before GC invocations=40 (full 3):
 PSYoungGen      total 638464K, used 630823K [0x00000000d6f00000, 0x0000000100000000, 0x0000000100000000)
  eden space 607232K, 100% used [0x00000000d6f00000,0x00000000fc000000,0x00000000fc000000)
  from space 31232K, 75% used [0x00000000fe180000,0x00000000ff889ee8,0x0000000100000000)
  to   space 32768K, 0% used [0x00000000fc000000,0x00000000fc000000,0x00000000fe000000)
 ParOldGen       total 147456K, used 39075K [0x0000000084c00000, 0x000000008dc00000, 0x00000000d6f00000)
  object space 147456K, 26% used [0x0000000084c00000,0x0000000087228fb8,0x000000008dc00000)
 Metaspace       used 45356K, capacity 61290K, committed 61592K, reserved 1091584K
  class space    used 12248K, capacity 18769K, committed 18856K, reserved 1048576K
Event: 336,052 GC heap after
Heap after GC invocations=40 (full 3):
 PSYoungGen      total 640000K, used 15893K [0x00000000d6f00000, 0x00000000ffe80000, 0x0000000100000000)
  eden space 607232K, 0% used [0x00000000d6f00000,0x00000000d6f00000,0x00000000fc000000)
  from space 32768K, 48% used [0x00000000fc000000,0x00000000fcf85508,0x00000000fe000000)
  to   space 31232K, 0% used [0x00000000fe000000,0x00000000fe000000,0x00000000ffe80000)
 ParOldGen       total 147456K, used 39083K [0x0000000084c00000, 0x000000008dc00000, 0x00000000d6f00000)
  object space 147456K, 26% used [0x0000000084c00000,0x000000008722afb8,0x000000008dc00000)
 Metaspace       used 45356K, capacity 61290K, committed 61592K, reserved 1091584K
  class space    used 12248K, capacity 18769K, committed 18856K, reserved 1048576K
}

Deoptimization events (0 events):
No events

Internal exceptions (10 events):
Event: 673,453 Thread 0x00007f1164001000 Exception <a 'java/lang/NullPointerException'> (0x00000000dfab1770) thrown at [/build/openjdk-8-YiEakL/openjdk-8-8u121-b13/src/hotspot/src/share/vm/interpreter/linkResolver.cpp, line 1178]
Event: 673,454 Thread 0x00007f1164001000 Exception <a 'java/lang/NullPointerException'> (0x00000000dfab6858) thrown at [/build/openjdk-8-YiEakL/openjdk-8-8u121-b13/src/hotspot/src/share/vm/interpreter/linkResolver.cpp, line 1178]
Event: 673,454 Thread 0x00007f1164001000 Exception <a 'java/lang/NullPointerException'> (0x00000000dfac68e0) thrown at [/build/openjdk-8-YiEakL/openjdk-8-8u121-b13/src/hotspot/src/share/vm/interpreter/linkResolver.cpp, line 1178]
Event: 673,459 Thread 0x00007f1164001000 Exception <a 'java/lang/NullPointerException'> (0x00000000dfaccb78) thrown at [/build/openjdk-8-YiEakL/openjdk-8-8u121-b13/src/hotspot/src/share/vm/interpreter/linkResolver.cpp, line 1178]
Event: 673,460 Thread 0x00007f1164001000 Exception <a 'java/lang/NullPointerException'> (0x00000000dfad2b28) thrown at [/build/openjdk-8-YiEakL/openjdk-8-8u121-b13/src/hotspot/src/share/vm/interpreter/linkResolver.cpp, line 1178]
Event: 673,460 Thread 0x00007f1164001000 Exception <a 'java/lang/NullPointerException'> (0x00000000dfadad40) thrown at [/build/openjdk-8-YiEakL/openjdk-8-8u121-b13/src/hotspot/src/share/vm/interpreter/linkResolver.cpp, line 1178]
Event: 673,461 Thread 0x00007f1164001000 Exception <a 'java/lang/NullPointerException'> (0x00000000dfae0d38) thrown at [/build/openjdk-8-YiEakL/openjdk-8-8u121-b13/src/hotspot/src/share/vm/interpreter/linkResolver.cpp, line 1178]
Event: 673,461 Thread 0x00007f1164001000 Exception <a 'java/lang/NullPointerException'> (0x00000000dfae7160) thrown at [/build/openjdk-8-YiEakL/openjdk-8-8u121-b13/src/hotspot/src/share/vm/interpreter/linkResolver.cpp, line 1178]
Event: 673,462 Thread 0x00007f1164001000 Exception <a 'java/lang/NullPointerException'> (0x00000000dfaedd40) thrown at [/build/openjdk-8-YiEakL/openjdk-8-8u121-b13/src/hotspot/src/share/vm/interpreter/linkResolver.cpp, line 1178]
Event: 673,463 Thread 0x00007f1164001000 Exception <a 'java/lang/NullPointerException'> (0x00000000dfaf4878) thrown at [/build/openjdk-8-YiEakL/openjdk-8-8u121-b13/src/hotspot/src/share/vm/interpreter/linkResolver.cpp, line 1178]

Events (10 events):
Event: 842,729 Executing VM operation: RevokeBias
Event: 842,730 Executing VM operation: RevokeBias done
Event: 842,730 Thread 0x00007f115c001000 Thread exited: 0x00007f115c001000
Event: 14324,427 loading class sun/misc/Signal$1
Event: 14324,556 loading class sun/misc/Signal$1 done
Event: 14324,557 Thread 0x00007f1178001000 Thread added: 0x00007f1178001000
Event: 14324,558 Thread 0x00007f1178002000 Thread added: 0x00007f1178002000
Event: 14324,558 Thread 0x00007f1150006000 Thread added: 0x00007f1150006000
Event: 14324,559 loading class sun/awt/X11/XSystemTrayPeer
Event: 14324,559 Executing VM operation: RevokeBias


Dynamic libraries:
00400000-00401000 r-xp 00000000 08:08 1187142                            /usr/lib/jvm/java-8-openjdk-amd64/jre/bin/java
00600000-00601000 r--p 00000000 08:08 1187142                            /usr/lib/jvm/java-8-openjdk-amd64/jre/bin/java
00601000-00602000 rw-p 00001000 08:08 1187142                            /usr/lib/jvm/java-8-openjdk-amd64/jre/bin/java
0169e000-016bf000 rw-p 00000000 00:00 0                                  [heap]
84c00000-8dc00000 rw-p 00000000 00:00 0 
8dc00000-d6f00000 ---p 00000000 00:00 0 
d6f00000-ffe80000 rw-p 00000000 00:00 0 
ffe80000-100000000 ---p 00000000 00:00 0 
100000000-10126a000 rw-p 00000000 00:00 0 
10126a000-140000000 ---p 00000000 00:00 0 
7f1120000000-7f112009d000 rw-p 00000000 00:00 0 
7f112009d000-7f1124000000 ---p 00000000 00:00 0 
7f1124000000-7f11240bf000 rw-p 00000000 00:00 0 
7f11240bf000-7f1128000000 ---p 00000000 00:00 0 
7f1128000000-7f1128031000 rw-p 00000000 00:00 0 
7f1128031000-7f112c000000 ---p 00000000 00:00 0 
7f112c000000-7f112c178000 rw-p 00000000 00:00 0 
7f112c178000-7f1130000000 ---p 00000000 00:00 0 
7f1130000000-7f1130021000 rw-p 00000000 00:00 0 
7f1130021000-7f1134000000 ---p 00000000 00:00 0 
7f1134000000-7f113402e000 rw-p 00000000 00:00 0 
7f113402e000-7f1138000000 ---p 00000000 00:00 0 
7f1138000000-7f1138021000 rw-p 00000000 00:00 0 
7f1138021000-7f113c000000 ---p 00000000 00:00 0 
7f113d6e2000-7f113d6ed000 r--s 00000000 08:08 141747                     /var/cache/fontconfig/945677eb7aeaf62f1d50efc3fb3ec7d8-le64.cache-6
7f113d6ed000-7f113d6ef000 r--s 00000000 08:08 141587                     /var/cache/fontconfig/99e8ed0e538f840c565b6ed5dad60d56-le64.cache-6
7f113d6ef000-7f113d6f8000 r--s 00000000 08:08 141581                     /var/cache/fontconfig/a6d8cf8e4ec09cdbc8633c31745a07dd-le64.cache-6
7f113d6f8000-7f113d6fe000 r--s 00000000 08:08 141577                     /var/cache/fontconfig/2cd17615ca594fa2959ae173292e504c-le64.cache-6
7f113d6fe000-7f113d6ff000 r--s 00000000 08:08 141576                     /var/cache/fontconfig/0d8c3b2ac0904cb8a57a757ad11a4a08-le64.cache-6
7f113d6ff000-7f113d714000 r--s 00000000 08:08 141558                     /var/cache/fontconfig/04aabc0a78ac019cf9454389977116d2-le64.cache-6
7f113d714000-7f113d715000 r--s 00000000 08:08 141556                     /var/cache/fontconfig/1ac9eb803944fde146138c791f5cc56a-le64.cache-6
7f113d715000-7f113d719000 r--s 00000000 08:08 141553                     /var/cache/fontconfig/385c0604a188198f04d133e54aba7fe7-le64.cache-6
7f113d719000-7f113d71a000 r--s 00000000 08:08 141547                     /var/cache/fontconfig/dc05db6664285cc2f12bf69c139ae4c3-le64.cache-6
7f113d71a000-7f113d71d000 r--s 00000000 08:08 141546                     /var/cache/fontconfig/767a8244fc0220cfb567a839d0392e0b-le64.cache-6
7f113d71d000-7f113d722000 r--s 00000000 08:08 131291                     /var/cache/fontconfig/8801497958630a81b71ace7c5f9b32a8-le64.cache-6
7f113d722000-7f113d75d000 r--s 00000000 08:08 140493                     /var/cache/fontconfig/365b55f210c0a22e9a19e35191240f32-le64.cache-6
7f113d75d000-7f113d764000 r--s 00000000 08:08 141501                     /var/cache/fontconfig/3047814df9a2f067bd2d96a2b9c36e5a-le64.cache-6
7f113d764000-7f113d76a000 r--s 00000000 08:08 141487                     /var/cache/fontconfig/b47c4e1ecd0709278f4910c18777a504-le64.cache-6
7f113d9d6000-7f113db92000 rw-p 00000000 00:00 0 
7f113db92000-7f113dbd6000 ---p 00000000 00:00 0 
7f113dbd6000-7f113dbe7000 r-xp 00000000 08:08 1181257                    /usr/lib/jvm/java-8-openjdk-amd64/jre/lib/amd64/libnio.so
7f113dbe7000-7f113dde7000 ---p 00011000 08:08 1181257                    /usr/lib/jvm/java-8-openjdk-amd64/jre/lib/amd64/libnio.so
7f113dde7000-7f113dde8000 r--p 00011000 08:08 1181257                    /usr/lib/jvm/java-8-openjdk-amd64/jre/lib/amd64/libnio.so
7f113dde8000-7f113dde9000 rw-p 00012000 08:08 1181257                    /usr/lib/jvm/java-8-openjdk-amd64/jre/lib/amd64/libnio.so
7f113dde9000-7f113dfe9000 rw-p 00000000 00:00 0 
7f113dfe9000-7f113e3ba000 rw-s 00000000 00:05 1769483                    /SYSV00000000 (deleted)
7f113e3ba000-7f113e3bd000 ---p 00000000 00:00 0 
7f113e3bd000-7f113e4bb000 rw-p 00000000 00:00 0 
7f113e4bb000-7f113e4be000 ---p 00000000 00:00 0 
7f113e4be000-7f113e5bc000 rw-p 00000000 00:00 0 
7f113e5bc000-7f113e5bf000 ---p 00000000 00:00 0 
7f113e5bf000-7f113e6bd000 rw-p 00000000 00:00 0 
7f113e6bd000-7f113e6c0000 ---p 00000000 00:00 0 
7f113e6c0000-7f113e7be000 rw-p 00000000 00:00 0 
7f113e7be000-7f113e7c1000 ---p 00000000 00:00 0 
7f113e7c1000-7f113eabf000 rw-p 00000000 00:00 0 
7f113eabf000-7f113eac9000 r-xp 00000000 08:08 1056922                    /usr/lib/x86_64-linux-gnu/libXrandr.so.2.2.0
7f113eac9000-7f113ecc8000 ---p 0000a000 08:08 1056922                    /usr/lib/x86_64-linux-gnu/libXrandr.so.2.2.0
7f113ecc8000-7f113ecc9000 r--p 00009000 08:08 1056922                    /usr/lib/x86_64-linux-gnu/libXrandr.so.2.2.0
7f113ecc9000-7f113ecca000 rw-p 0000a000 08:08 1056922                    /usr/lib/x86_64-linux-gnu/libXrandr.so.2.2.0
7f113ecca000-7f113eccd000 ---p 00000000 00:00 0 
7f113eccd000-7f113edcb000 rw-p 00000000 00:00 0 
7f113edcb000-7f113edd0000 r-xp 00000000 08:08 1056906                    /usr/lib/x86_64-linux-gnu/libXfixes.so.3.1.0
7f113edd0000-7f113efcf000 ---p 00005000 08:08 1056906                    /usr/lib/x86_64-linux-gnu/libXfixes.so.3.1.0
7f113efcf000-7f113efd0000 r--p 00004000 08:08 1056906                    /usr/lib/x86_64-linux-gnu/libXfixes.so.3.1.0
7f113efd0000-7f113efd1000 rw-p 00005000 08:08 1056906                    /usr/lib/x86_64-linux-gnu/libXfixes.so.3.1.0
7f113efd1000-7f113efda000 r-xp 00000000 08:08 1056898                    /usr/lib/x86_64-linux-gnu/libXcursor.so.1.0.2
7f113efda000-7f113f1d9000 ---p 00009000 08:08 1056898                    /usr/lib/x86_64-linux-gnu/libXcursor.so.1.0.2
7f113f1d9000-7f113f1da000 r--p 00008000 08:08 1056898                    /usr/lib/x86_64-linux-gnu/libXcursor.so.1.0.2
7f113f1da000-7f113f1db000 rw-p 00009000 08:08 1056898                    /usr/lib/x86_64-linux-gnu/libXcursor.so.1.0.2
7f113f1db000-7f113f1de000 ---p 00000000 00:00 0 
7f113f1de000-7f113f2dc000 rw-p 00000000 00:00 0 
7f113f2dc000-7f113f300000 r-xp 00000000 08:08 2626158                    /lib/x86_64-linux-gnu/libpng12.so.0.54.0
7f113f300000-7f113f4ff000 ---p 00024000 08:08 2626158                    /lib/x86_64-linux-gnu/libpng12.so.0.54.0
7f113f4ff000-7f113f500000 r--p 00023000 08:08 2626158                    /lib/x86_64-linux-gnu/libpng12.so.0.54.0
7f113f500000-7f113f501000 rw-p 00024000 08:08 2626158                    /lib/x86_64-linux-gnu/libpng12.so.0.54.0
7f113f501000-7f113f5a5000 r-xp 00000000 08:08 1049473                    /usr/lib/x86_64-linux-gnu/libfreetype.so.6.12.1
7f113f5a5000-7f113f7a4000 ---p 000a4000 08:08 1049473                    /usr/lib/x86_64-linux-gnu/libfreetype.so.6.12.1
7f113f7a4000-7f113f7aa000 r--p 000a3000 08:08 1049473                    /usr/lib/x86_64-linux-gnu/libfreetype.so.6.12.1
7f113f7aa000-7f113f7ab000 rw-p 000a9000 08:08 1049473                    /usr/lib/x86_64-linux-gnu/libfreetype.so.6.12.1
7f113f7ab000-7f113f7fd000 r-xp 00000000 08:08 1181253                    /usr/lib/jvm/java-8-openjdk-amd64/jre/lib/amd64/libfontmanager.so
7f113f7fd000-7f113f9fd000 ---p 00052000 08:08 1181253                    /usr/lib/jvm/java-8-openjdk-amd64/jre/lib/amd64/libfontmanager.so
7f113f9fd000-7f113f9ff000 r--p 00052000 08:08 1181253                    /usr/lib/jvm/java-8-openjdk-amd64/jre/lib/amd64/libfontmanager.so
7f113f9ff000-7f113fa00000 rw-p 00054000 08:08 1181253                    /usr/lib/jvm/java-8-openjdk-amd64/jre/lib/amd64/libfontmanager.so
7f113fa00000-7f113fc00000 rw-p 00000000 00:00 0 
7f113fc00000-7f113fe00000 rw-p 00000000 00:00 0 
7f113fe00000-7f1140000000 rw-p 00000000 00:00 0 
7f1140000000-7f1140021000 rw-p 00000000 00:00 0 
7f1140021000-7f1144000000 ---p 00000000 00:00 0 
7f1144000000-7f1144835000 rw-p 00000000 00:00 0 
7f1144835000-7f1148000000 ---p 00000000 00:00 0 
7f1148000000-7f1148021000 rw-p 00000000 00:00 0 
7f1148021000-7f114c000000 ---p 00000000 00:00 0 
7f114c000000-7f114c021000 rw-p 00000000 00:00 0 
7f114c021000-7f1150000000 ---p 00000000 00:00 0 
7f1150000000-7f1150021000 rw-p 00000000 00:00 0 
7f1150021000-7f1154000000 ---p 00000000 00:00 0 
7f1154000000-7f1154021000 rw-p 00000000 00:00 0 
7f1154021000-7f1158000000 ---p 00000000 00:00 0 
7f1158000000-7f1158021000 rw-p 00000000 00:00 0 
7f1158021000-7f115c000000 ---p 00000000 00:00 0 
7f115c000000-7f115c021000 rw-p 00000000 00:00 0 
7f115c021000-7f1160000000 ---p 00000000 00:00 0 
7f1160000000-7f1160021000 rw-p 00000000 00:00 0 
7f1160021000-7f1164000000 ---p 00000000 00:00 0 
7f1164000000-7f1164021000 rw-p 00000000 00:00 0 
7f1164021000-7f1168000000 ---p 00000000 00:00 0 
7f1168000000-7f1168657000 rw-p 00000000 00:00 0 
7f1168657000-7f116c000000 ---p 00000000 00:00 0 
7f116c000000-7f116c021000 rw-p 00000000 00:00 0 
7f116c021000-7f1170000000 ---p 00000000 00:00 0 
7f1170000000-7f1170036000 rw-p 00000000 00:00 0 
7f1170036000-7f1174000000 ---p 00000000 00:00 0 
7f1174000000-7f1174021000 rw-p 00000000 00:00 0 
7f1174021000-7f1178000000 ---p 00000000 00:00 0 
7f1178000000-7f1178021000 rw-p 00000000 00:00 0 
7f1178021000-7f117c000000 ---p 00000000 00:00 0 
7f117c000000-7f117c021000 rw-p 00000000 00:00 0 
7f117c021000-7f1180000000 ---p 00000000 00:00 0 
7f1180000000-7f1180001000 r--s 00000000 08:08 143136                     /var/cache/fontconfig/4794a0821666d79190d59a36cb4f44b5-le64.cache-6
7f1180001000-7f1180002000 r--s 00000000 08:08 141506                     /var/cache/fontconfig/bab58bb527bb656aaa9f116d68a48d89-le64.cache-6
7f1180002000-7f1180003000 r--s 00000000 08:08 141500                     /var/cache/fontconfig/56cf4f4769d0f4abc89a4895d7bd3ae1-le64.cache-6
7f1180003000-7f1180004000 r--s 00000000 08:08 141499                     /var/cache/fontconfig/b9d506c9ac06c20b433354fa67a72993-le64.cache-6
7f1180004000-7f118000c000 r--s 00000000 08:08 141486                     /var/cache/fontconfig/52f7bdb7ce746bfd7eaa1985bd9cfa93-le64.cache-6
7f118000c000-7f118001f000 r--s 00000000 08:08 141041                     /var/cache/fontconfig/d52a8644073d54c13679302ca1180695-le64.cache-6
7f118001f000-7f1180020000 r--s 00000000 08:08 141035                     /var/cache/fontconfig/551ecf3b0e8b0bca0f25c0944f561853-le64.cache-6
7f1180020000-7f118002b000 r--s 00000000 08:08 141034                     /var/cache/fontconfig/d589a48862398ed80a3d6066f4f56f4c-le64.cache-6
7f118002b000-7f118002c000 r--s 00000000 08:08 141033                     /var/cache/fontconfig/30829fa25452a46451e813d634d7f916-le64.cache-6
7f118002c000-7f118002d000 r--s 00000000 08:08 141032                     /var/cache/fontconfig/0c9eb80ebd1c36541ebe2852d3bb0c49-le64.cache-6
7f118002d000-7f118003f000 r--s 00000000 08:08 134284                     /var/cache/fontconfig/9b89f8e3dae116d678bbf48e5f21f69b-le64.cache-6
7f118003f000-7f118023f000 rw-p 00000000 00:00 0 
7f118023f000-7f118043f000 rw-p 00000000 00:00 0 
7f118043f000-7f118063f000 rw-p 00000000 00:00 0 
7f118063f000-7f118083f000 rw-p 00000000 00:00 0 
7f118083f000-7f1180a3f000 rw-p 00000000 00:00 0 
7f1180a3f000-7f1180c3f000 rw-p 00000000 00:00 0 
7f1180c3f000-7f1180c44000 r-xp 00000000 08:08 1056902                    /usr/lib/x86_64-linux-gnu/libXdmcp.so.6.0.0
7f1180c44000-7f1180e43000 ---p 00005000 08:08 1056902                    /usr/lib/x86_64-linux-gnu/libXdmcp.so.6.0.0
7f1180e43000-7f1180e44000 r--p 00004000 08:08 1056902                    /usr/lib/x86_64-linux-gnu/libXdmcp.so.6.0.0
7f1180e44000-7f1180e45000 rw-p 00005000 08:08 1056902                    /usr/lib/x86_64-linux-gnu/libXdmcp.so.6.0.0
7f1180e45000-7f1180e47000 r-xp 00000000 08:08 1056891                    /usr/lib/x86_64-linux-gnu/libXau.so.6.0.0
7f1180e47000-7f1181047000 ---p 00002000 08:08 1056891                    /usr/lib/x86_64-linux-gnu/libXau.so.6.0.0
7f1181047000-7f1181048000 r--p 00002000 08:08 1056891                    /usr/lib/x86_64-linux-gnu/libXau.so.6.0.0
7f1181048000-7f1181049000 rw-p 00003000 08:08 1056891                    /usr/lib/x86_64-linux-gnu/libXau.so.6.0.0
7f1181049000-7f118106a000 r-xp 00000000 08:08 1058269                    /usr/lib/x86_64-linux-gnu/libxcb.so.1.1.0
7f118106a000-7f1181269000 ---p 00021000 08:08 1058269                    /usr/lib/x86_64-linux-gnu/libxcb.so.1.1.0
7f1181269000-7f118126a000 r--p 00020000 08:08 1058269                    /usr/lib/x86_64-linux-gnu/libxcb.so.1.1.0
7f118126a000-7f118126b000 rw-p 00021000 08:08 1058269                    /usr/lib/x86_64-linux-gnu/libxcb.so.1.1.0
7f118126b000-7f118127a000 r-xp 00000000 08:08 1056912                    /usr/lib/x86_64-linux-gnu/libXi.so.6.1.0
7f118127a000-7f1181479000 ---p 0000f000 08:08 1056912                    /usr/lib/x86_64-linux-gnu/libXi.so.6.1.0
7f1181479000-7f118147a000 r--p 0000e000 08:08 1056912                    /usr/lib/x86_64-linux-gnu/libXi.so.6.1.0
7f118147a000-7f118147b000 rw-p 0000f000 08:08 1056912                    /usr/lib/x86_64-linux-gnu/libXi.so.6.1.0
7f118147b000-7f1181480000 r-xp 00000000 08:08 1056930                    /usr/lib/x86_64-linux-gnu/libXtst.so.6.1.0
7f1181480000-7f118167f000 ---p 00005000 08:08 1056930                    /usr/lib/x86_64-linux-gnu/libXtst.so.6.1.0
7f118167f000-7f1181680000 r--p 00004000 08:08 1056930                    /usr/lib/x86_64-linux-gnu/libXtst.so.6.1.0
7f1181680000-7f1181681000 rw-p 00005000 08:08 1056930                    /usr/lib/x86_64-linux-gnu/libXtst.so.6.1.0
7f1181681000-7f118168a000 r-xp 00000000 08:08 1056924                    /usr/lib/x86_64-linux-gnu/libXrender.so.1.3.0
7f118168a000-7f1181889000 ---p 00009000 08:08 1056924                    /usr/lib/x86_64-linux-gnu/libXrender.so.1.3.0
7f1181889000-7f118188a000 r--p 00008000 08:08 1056924                    /usr/lib/x86_64-linux-gnu/libXrender.so.1.3.0
7f118188a000-7f118188b000 rw-p 00009000 08:08 1056924                    /usr/lib/x86_64-linux-gnu/libXrender.so.1.3.0
7f118188b000-7f11819c0000 r-xp 00000000 08:08 1056887                    /usr/lib/x86_64-linux-gnu/libX11.so.6.3.0
7f11819c0000-7f1181bc0000 ---p 00135000 08:08 1056887                    /usr/lib/x86_64-linux-gnu/libX11.so.6.3.0
7f1181bc0000-7f1181bc1000 r--p 00135000 08:08 1056887                    /usr/lib/x86_64-linux-gnu/libX11.so.6.3.0
7f1181bc1000-7f1181bc5000 rw-p 00136000 08:08 1056887                    /usr/lib/x86_64-linux-gnu/libX11.so.6.3.0
7f1181bc5000-7f1181bd6000 r-xp 00000000 08:08 1056904                    /usr/lib/x86_64-linux-gnu/libXext.so.6.4.0
7f1181bd6000-7f1181dd5000 ---p 00011000 08:08 1056904                    /usr/lib/x86_64-linux-gnu/libXext.so.6.4.0
7f1181dd5000-7f1181dd6000 r--p 00010000 08:08 1056904                    /usr/lib/x86_64-linux-gnu/libXext.so.6.4.0
7f1181dd6000-7f1181dd7000 rw-p 00011000 08:08 1056904                    /usr/lib/x86_64-linux-gnu/libXext.so.6.4.0
7f1181dd7000-7f1181e2b000 r-xp 00000000 08:08 1181265                    /usr/lib/jvm/java-8-openjdk-amd64/jre/lib/amd64/libawt_xawt.so
7f1181e2b000-7f118202b000 ---p 00054000 08:08 1181265                    /usr/lib/jvm/java-8-openjdk-amd64/jre/lib/amd64/libawt_xawt.so
7f118202b000-7f118202c000 r--p 00054000 08:08 1181265                    /usr/lib/jvm/java-8-openjdk-amd64/jre/lib/amd64/libawt_xawt.so
7f118202c000-7f118202f000 rw-p 00055000 08:08 1181265                    /usr/lib/jvm/java-8-openjdk-amd64/jre/lib/amd64/libawt_xawt.so
7f118202f000-7f1182030000 rw-p 00000000 00:00 0 
7f1182030000-7f11820d0000 r-xp 00000000 08:08 1181275                    /usr/lib/jvm/java-8-openjdk-amd64/jre/lib/amd64/libawt.so
7f11820d0000-7f11822d0000 ---p 000a0000 08:08 1181275                    /usr/lib/jvm/java-8-openjdk-amd64/jre/lib/amd64/libawt.so
7f11822d0000-7f11822d1000 r--p 000a0000 08:08 1181275                    /usr/lib/jvm/java-8-openjdk-amd64/jre/lib/amd64/libawt.so
7f11822d1000-7f11822dc000 rw-p 000a1000 08:08 1181275                    /usr/lib/jvm/java-8-openjdk-amd64/jre/lib/amd64/libawt.so
7f11822dc000-7f1182501000 rw-p 00000000 00:00 0 
7f1182501000-7f1182701000 rw-p 00000000 00:00 0 
7f1182701000-7f1182704000 ---p 00000000 00:00 0 
7f1182704000-7f1182802000 rw-p 00000000 00:00 0 
7f1182802000-7f1182805000 ---p 00000000 00:00 0 
7f1182805000-7f1182903000 rw-p 00000000 00:00 0 
7f1182903000-7f1182906000 ---p 00000000 00:00 0 
7f1182906000-7f1182a04000 rw-p 00000000 00:00 0 
7f1182a04000-7f1182a07000 ---p 00000000 00:00 0 
7f1182a07000-7f1182b05000 rw-p 00000000 00:00 0 
7f1182b05000-7f1182b08000 ---p 00000000 00:00 0 
7f1182b08000-7f1182c06000 rw-p 00000000 00:00 0 
7f1182c06000-7f1182c09000 ---p 00000000 00:00 0 
7f1182c09000-7f1182d07000 rw-p 00000000 00:00 0 
7f1182d07000-7f1182d0a000 ---p 00000000 00:00 0 
7f1182d0a000-7f1182e08000 rw-p 00000000 00:00 0 
7f1182e08000-7f1182e1f000 r-xp 00000000 08:08 1181249                    /usr/lib/jvm/java-8-openjdk-amd64/jre/lib/amd64/libnet.so
7f1182e1f000-7f118301e000 ---p 00017000 08:08 1181249                    /usr/lib/jvm/java-8-openjdk-amd64/jre/lib/amd64/libnet.so
7f118301e000-7f118301f000 r--p 00016000 08:08 1181249                    /usr/lib/jvm/java-8-openjdk-amd64/jre/lib/amd64/libnet.so
7f118301f000-7f1183020000 rw-p 00017000 08:08 1181249                    /usr/lib/jvm/java-8-openjdk-amd64/jre/lib/amd64/libnet.so
7f1183020000-7f1183023000 ---p 00000000 00:00 0 
7f1183023000-7f1183121000 rw-p 00000000 00:00 0 
7f1183121000-7f1183124000 ---p 00000000 00:00 0 
7f1183124000-7f1183422000 rw-p 00000000 00:00 0 
7f1183422000-7f1183622000 rw-p 00000000 00:00 0 
7f1183622000-7f1183822000 rw-p 00000000 00:00 0 
7f1183822000-7f1183823000 ---p 00000000 00:00 0 
7f1183823000-7f1183923000 rw-p 00000000 00:00 0 
7f1183923000-7f1183926000 ---p 00000000 00:00 0 
7f1183926000-7f1183a24000 rw-p 00000000 00:00 0 
7f1183a24000-7f1183a27000 ---p 00000000 00:00 0 
7f1183a27000-7f1183b25000 rw-p 00000000 00:00 0 
7f1183b25000-7f1183b28000 ---p 00000000 00:00 0 
7f1183b28000-7f1183c26000 rw-p 00000000 00:00 0 
7f1183c26000-7f1183c29000 ---p 00000000 00:00 0 
7f1183c29000-7f1183d27000 rw-p 00000000 00:00 0 
7f1183d27000-7f1184000000 r--p 00000000 08:08 1050138                    /usr/lib/locale/locale-archive
7f1184000000-7f1184033000 rw-p 00000000 00:00 0 
7f1184033000-7f1188000000 ---p 00000000 00:00 0 
7f1188000000-7f1188021000 rw-p 00000000 00:00 0 
7f1188021000-7f118c000000 ---p 00000000 00:00 0 
7f118c000000-7f118c021000 rw-p 00000000 00:00 0 
7f118c021000-7f1190000000 ---p 00000000 00:00 0 
7f1190000000-7f1190021000 rw-p 00000000 00:00 0 
7f1190021000-7f1194000000 ---p 00000000 00:00 0 
7f1194000000-7f1194021000 rw-p 00000000 00:00 0 
7f1194021000-7f1198000000 ---p 00000000 00:00 0 
7f1198000000-7f1198003000 r--s 00000000 08:08 140988                     /var/cache/fontconfig/75114ca45c98e8a441da0ff356701271-le64.cache-6
7f1198003000-7f119800e000 r--s 00000000 08:08 140987                     /var/cache/fontconfig/83bf95040141907cd45bb53cf7c1c148-le64.cache-6
7f119800e000-7f1198012000 r--s 00000000 08:08 140513                     /var/cache/fontconfig/7ef2298fde41cc6eeb7af42e48b7d293-le64.cache-6
7f119802a000-7f119803d000 r--s 00346000 08:08 1181278                    /usr/lib/jvm/java-8-openjdk-amd64/jre/lib/resources.jar
7f119803d000-7f119805e000 r--s 0015a000 08:08 4325777                    /home/pedro/.m2/repository/org/bouncycastle/bcprov-jdk14/1.38/bcprov-jdk14-1.38.jar
7f119805e000-7f1198061000 ---p 00000000 00:00 0 
7f1198061000-7f119815f000 rw-p 00000000 00:00 0 
7f119815f000-7f1198162000 ---p 00000000 00:00 0 
7f1198162000-7f119c000000 rw-p 00000000 00:00 0 
7f119c000000-7f119c021000 rw-p 00000000 00:00 0 
7f119c021000-7f11a0000000 ---p 00000000 00:00 0 
7f11a0000000-7f11a0003000 r--s 00000000 08:08 140953                     /var/cache/fontconfig/e13b20fdb08344e0e664864cc2ede53d-le64.cache-6
7f11a0003000-7f11a0007000 r--s 0009a000 08:08 1181298                    /usr/lib/jvm/java-8-openjdk-amd64/jre/lib/jsse.jar
7f11a0007000-7f11a0008000 r--s 00002000 08:08 6431449                    /home/pedro/.m2/repository/tamarin/tamarin/0.1.2/tamarin-0.1.2.jar
7f11a0008000-7f11a002d000 r--s 00534000 08:08 4196857                    /home/pedro/.m2/repository/quil/jogl-all-fat/2.3.2/jogl-all-fat-2.3.2.jar
7f11a002d000-7f11a002e000 r--s 00003000 08:08 4325680                    /home/pedro/.m2/repository/net/mikera/randomz/0.3.0/randomz-0.3.0.jar
7f11a002e000-7f11a002f000 r--s 00008000 08:08 4065136                    /home/pedro/.m2/repository/org/clojure/tools.analyzer.jvm/0.6.9/tools.analyzer.jvm-0.6.9.jar
7f11a002f000-7f11a0030000 r--s 00006000 08:08 4456712                    /home/pedro/.m2/repository/org/apache/xmlgraphics/batik-xml/1.8/batik-xml-1.8.jar
7f11a0030000-7f11a0031000 r--s 00001000 08:08 4065141                    /home/pedro/.m2/repository/org/clojure/core.memoize/0.5.8/core.memoize-0.5.8.jar
7f11a0031000-7f11a0032000 r--s 00001000 08:08 4196829                    /home/pedro/.m2/repository/quil/processing-pdf/3.2.2/processing-pdf-3.2.2.jar
7f11a0032000-7f11a0037000 r--s 00010000 08:08 3151879                    /home/pedro/.m2/repository/xml-apis/xml-apis-ext/1.3.04/xml-apis-ext-1.3.04.jar
7f11a0037000-7f11a0085000 r--s 003c0000 08:08 4329954                    /home/pedro/.m2/repository/org/clojure/clojure/1.9.0-alpha14/clojure-1.9.0-alpha14.jar
7f11a0085000-7f11a0086000 r--s 00000000 08:08 4196814                    /home/pedro/.m2/repository/quil/processing-svg/3.2.2/processing-svg-3.2.2.jar
7f11a0086000-7f11a0087000 r--s 00004000 08:08 4327236                    /home/pedro/.m2/repository/net/mikera/clojure-utils/0.7.0/clojure-utils-0.7.0.jar
7f11a0087000-7f11a0088000 r--s 00002000 08:08 4456702                    /home/pedro/.m2/repository/org/apache/xmlgraphics/batik-ext/1.8/batik-ext-1.8.jar
7f11a0088000-7f11a008a000 r--s 0001d000 08:08 4201602                    /home/pedro/.m2/repository/net/mikera/core.matrix/0.54.0/core.matrix-0.54.0.jar
7f11a008a000-7f11a008d000 r--s 00013000 08:08 4327233                    /home/pedro/.m2/repository/us/bpsm/edn-java/0.4.6/edn-java-0.4.6.jar
7f11a008d000-7f11a0094000 r--s 0005b000 08:08 4196853                    /home/pedro/.m2/repository/quil/gluegen-rt-fat/2.3.2/gluegen-rt-fat-2.3.2.jar
7f11a0094000-7f11a0096000 r--s 0000c000 08:08 6039435                    /home/pedro/.m2/repository/com/billpiel/sayid/0.0.10/sayid-0.0.10.jar
7f11a0096000-7f11a0097000 r--s 00004000 08:08 3407899                    /home/pedro/.m2/repository/org/clojure/tools.namespace/0.2.11/tools.namespace-0.2.11.jar
7f11a0097000-7f11a0098000 r--s 0003a000 08:08 4196855                    /home/pedro/.m2/repository/quil/processing-js/1.6.3.0/processing-js-1.6.3.0.jar
7f11a0098000-7f11a0099000 r--s 00000000 08:08 4196822                    /home/pedro/.m2/repository/quil/processing-dxf/3.2.2/processing-dxf-3.2.2.jar
7f11a0099000-7f11a00a0000 r--s 00043000 08:08 4456692                    /home/pedro/.m2/repository/org/apache/xmlgraphics/batik-awt-util/1.8/batik-awt-util-1.8.jar
7f11a00a0000-7f11a00a4000 r--s 0001f000 08:08 4456696                    /home/pedro/.m2/repository/org/apache/xmlgraphics/batik-dom/1.8/batik-dom-1.8.jar
7f11a00a4000-7f11a00a5000 r--s 00006000 08:08 2623481                    /home/pedro/.m2/repository/aysylu/loom/0.5.4/loom-0.5.4.jar
7f11a00a5000-7f11a00a9000 r--s 0002b000 08:08 3152154                    /home/pedro/.m2/repository/bouncycastle/bcmail-jdk14/138/bcmail-jdk14-138.jar
7f11a00a9000-7f11a00aa000 r--s 00005000 08:08 4325767                    /home/pedro/.m2/repository/org/bouncycastle/bctsp-jdk14/1.38/bctsp-jdk14-1.38.jar
7f11a00aa000-7f11a00cb000 r--s 0015a000 08:08 3152151                    /home/pedro/.m2/repository/bouncycastle/bcprov-jdk14/138/bcprov-jdk14-138.jar
7f11a00cb000-7f11a00d3000 r--s 000a5000 08:08 4327231                    /home/pedro/.m2/repository/net/mikera/vectorz/0.63.0/vectorz-0.63.0.jar
7f11a00d3000-7f11a00f1000 r--s 0027d000 08:08 4196794                    /home/pedro/.m2/repository/xalan/xalan/2.7.0/xalan-2.7.0.jar
7f11a00f1000-7f11a00f4000 ---p 00000000 00:00 0 
7f11a00f4000-7f11a01f2000 rw-p 00000000 00:00 0 
7f11a01f2000-7f11a01f3000 ---p 00000000 00:00 0 
7f11a01f3000-7f11a1000000 rw-p 00000000 00:00 0 
7f11a1000000-7f11a1940000 rwxp 00000000 00:00 0 
7f11a1940000-7f11b0000000 ---p 00000000 00:00 0 
7f11b0000000-7f11b1087000 rw-p 00000000 00:00 0 
7f11b1087000-7f11b4000000 ---p 00000000 00:00 0 
7f11b4000000-7f11b4002000 r--s 00001000 08:08 4325677                    /home/pedro/.m2/repository/net/mikera/mathz/0.3.0/mathz-0.3.0.jar
7f11b4002000-7f11b4003000 r--s 00001000 08:08 2621696                    /home/pedro/.m2/repository/proto-repl/proto-repl/0.3.1/proto-repl-0.3.1.jar
7f11b4003000-7f11b4004000 r--s 00001000 08:08 4070002                    /home/pedro/.m2/repository/org/clojure/data.priority-map/0.0.5/data.priority-map-0.0.5.jar
7f11b4004000-7f11b4005000 r--s 00002000 08:08 4065391                    /home/pedro/.m2/repository/clojure-complete/clojure-complete/0.2.4/clojure-complete-0.2.4.jar
7f11b4005000-7f11b400d000 r--s 00028000 08:08 3151877                    /home/pedro/.m2/repository/xml-apis/xml-apis/1.3.04/xml-apis-1.3.04.jar
7f11b400d000-7f11b400e000 r--s 00007000 08:08 3145770                    /home/pedro/.m2/repository/org/clojure/test.check/0.9.0/test.check-0.9.0.jar
7f11b400e000-7f11b400f000 r--s 00009000 08:08 4065389                    /home/pedro/.m2/repository/org/clojure/tools.nrepl/0.2.12/tools.nrepl-0.2.12.jar
7f11b400f000-7f11b4010000 r--s 00007000 08:08 4065140                    /home/pedro/.m2/repository/org/clojure/tools.analyzer/0.6.7/tools.analyzer-0.6.7.jar
7f11b4010000-7f11b4011000 r--s 00005000 08:08 4327238                    /home/pedro/.m2/repository/net/mikera/vectorz-clj/0.45.0/vectorz-clj-0.45.0.jar
7f11b4011000-7f11b4016000 r--s 00030000 08:08 4065146                    /home/pedro/.m2/repository/org/ow2/asm/asm-all/4.2/asm-all-4.2.jar
7f11b4016000-7f11b401a000 r--s 0002b000 08:08 4325769                    /home/pedro/.m2/repository/org/bouncycastle/bcmail-jdk14/1.38/bcmail-jdk14-1.38.jar
7f11b401a000-7f11b401b000 r--s 00001000 08:08 5901431                    /home/pedro/.m2/repository/proto-repl-sayid/proto-repl-sayid/0.1.3/proto-repl-sayid-0.1.3.jar
7f11b401b000-7f11b401d000 r--s 00005000 08:08 2621779                    /home/pedro/.m2/repository/compliment/compliment/0.2.7/compliment-0.2.7.jar
7f11b401d000-7f11b4024000 r--s 00038000 08:08 4456698                    /home/pedro/.m2/repository/org/apache/xmlgraphics/batik-css/1.8/batik-css-1.8.jar
7f11b4024000-7f11b4025000 r--s 00001000 08:08 4065152                    /home/pedro/.m2/repository/org/clojure/tools.macro/0.1.5/tools.macro-0.1.5.jar
7f11b4025000-7f11b4029000 r--s 0003a000 08:08 4196805                    /home/pedro/.m2/repository/quil/quil/2.5.0/quil-2.5.0.jar
7f11b4029000-7f11b402a000 r--s 0000a000 08:08 6431493                    /home/pedro/.m2/repository/org/clojure/tools.reader/1.0.0-alpha3/tools.reader-1.0.0-alpha3.jar
7f11b402a000-7f11b4036000 r--s 00108000 08:08 3410743                    /home/pedro/.m2/repository/com/lowagie/itext/2.1.7/itext-2.1.7.jar
7f11b4036000-7f11b4037000 r--s 00003000 08:08 2623480                    /home/pedro/.m2/repository/proto-repl-charts/proto-repl-charts/0.3.2/proto-repl-charts-0.3.2.jar
7f11b4037000-7f11b4038000 r--s 00001000 08:08 3284660                    /home/pedro/.m2/repository/defprecated/defprecated/0.1.3/defprecated-0.1.3.jar
7f11b4038000-7f11b403d000 r--s 00027000 08:08 4456694                    /home/pedro/.m2/repository/org/apache/xmlgraphics/batik-svggen/1.8/batik-svggen-1.8.jar
7f11b403d000-7f11b4042000 r--s 000f0000 08:08 4196835                    /home/pedro/.m2/repository/quil/processing-core/3.2.2/processing-core-3.2.2.jar
7f11b4042000-7f11b405d000 r--s 00394000 08:08 1181291                    /usr/lib/jvm/java-8-openjdk-amd64/jre/lib/ext/cldrdata.jar
7f11b405d000-7f11b4078000 r--s 001d6000 08:08 1181288                    /usr/lib/jvm/java-8-openjdk-amd64/jre/lib/ext/nashorn.jar
7f11b4078000-7f11b434b000 rw-p 00000000 00:00 0 
7f11b434b000-7f11b4519000 r--s 03c06000 08:08 1181303                    /usr/lib/jvm/java-8-openjdk-amd64/jre/lib/rt.jar
7f11b4519000-7f11b5169000 rw-p 00000000 00:00 0 
7f11b5169000-7f11b516a000 ---p 00000000 00:00 0 
7f11b516a000-7f11b526a000 rw-p 00000000 00:00 0 
7f11b526a000-7f11b526b000 ---p 00000000 00:00 0 
7f11b526b000-7f11b536b000 rw-p 00000000 00:00 0 
7f11b536b000-7f11b536c000 ---p 00000000 00:00 0 
7f11b536c000-7f11b546c000 rw-p 00000000 00:00 0 
7f11b546c000-7f11b546d000 ---p 00000000 00:00 0 
7f11b546d000-7f11b55b5000 rw-p 00000000 00:00 0 
7f11b55b5000-7f11b57ff000 ---p 00000000 00:00 0 
7f11b57ff000-7f11b5847000 rw-p 00000000 00:00 0 
7f11b5847000-7f11b5a90000 ---p 00000000 00:00 0 
7f11b5a90000-7f11b5bd9000 rw-p 00000000 00:00 0 
7f11b5bd9000-7f11b5bff000 rw-p 00000000 00:00 0 
7f11b5bff000-7f11b5f9a000 ---p 00000000 00:00 0 
7f11b5f9a000-7f11b5fa2000 r-xp 00000000 08:08 1181247                    /usr/lib/jvm/java-8-openjdk-amd64/jre/lib/amd64/libzip.so
7f11b5fa2000-7f11b61a1000 ---p 00008000 08:08 1181247                    /usr/lib/jvm/java-8-openjdk-amd64/jre/lib/amd64/libzip.so
7f11b61a1000-7f11b61a2000 r--p 00007000 08:08 1181247                    /usr/lib/jvm/java-8-openjdk-amd64/jre/lib/amd64/libzip.so
7f11b61a2000-7f11b61a3000 rw-p 00008000 08:08 1181247                    /usr/lib/jvm/java-8-openjdk-amd64/jre/lib/amd64/libzip.so
7f11b61a3000-7f11b61ae000 r-xp 00000000 08:08 2632465                    /lib/x86_64-linux-gnu/libnss_files-2.23.so
7f11b61ae000-7f11b63ad000 ---p 0000b000 08:08 2632465                    /lib/x86_64-linux-gnu/libnss_files-2.23.so
7f11b63ad000-7f11b63ae000 r--p 0000a000 08:08 2632465                    /lib/x86_64-linux-gnu/libnss_files-2.23.so
7f11b63ae000-7f11b63af000 rw-p 0000b000 08:08 2632465                    /lib/x86_64-linux-gnu/libnss_files-2.23.so
7f11b63af000-7f11b63b5000 rw-p 00000000 00:00 0 
7f11b63b5000-7f11b63c0000 r-xp 00000000 08:08 2623342                    /lib/x86_64-linux-gnu/libnss_nis-2.23.so
7f11b63c0000-7f11b65bf000 ---p 0000b000 08:08 2623342                    /lib/x86_64-linux-gnu/libnss_nis-2.23.so
7f11b65bf000-7f11b65c0000 r--p 0000a000 08:08 2623342                    /lib/x86_64-linux-gnu/libnss_nis-2.23.so
7f11b65c0000-7f11b65c1000 rw-p 0000b000 08:08 2623342                    /lib/x86_64-linux-gnu/libnss_nis-2.23.so
7f11b65c1000-7f11b65d7000 r-xp 00000000 08:08 2623906                    /lib/x86_64-linux-gnu/libnsl-2.23.so
7f11b65d7000-7f11b67d6000 ---p 00016000 08:08 2623906                    /lib/x86_64-linux-gnu/libnsl-2.23.so
7f11b67d6000-7f11b67d7000 r--p 00015000 08:08 2623906                    /lib/x86_64-linux-gnu/libnsl-2.23.so
7f11b67d7000-7f11b67d8000 rw-p 00016000 08:08 2623906                    /lib/x86_64-linux-gnu/libnsl-2.23.so
7f11b67d8000-7f11b67da000 rw-p 00000000 00:00 0 
7f11b67da000-7f11b67e2000 r-xp 00000000 08:08 2632512                    /lib/x86_64-linux-gnu/libnss_compat-2.23.so
7f11b67e2000-7f11b69e1000 ---p 00008000 08:08 2632512                    /lib/x86_64-linux-gnu/libnss_compat-2.23.so
7f11b69e1000-7f11b69e2000 r--p 00007000 08:08 2632512                    /lib/x86_64-linux-gnu/libnss_compat-2.23.so
7f11b69e2000-7f11b69e3000 rw-p 00008000 08:08 2632512                    /lib/x86_64-linux-gnu/libnss_compat-2.23.so
7f11b69e3000-7f11b6a10000 r-xp 00000000 08:08 1181277                    /usr/lib/jvm/java-8-openjdk-amd64/jre/lib/amd64/libjava.so
7f11b6a10000-7f11b6c0f000 ---p 0002d000 08:08 1181277                    /usr/lib/jvm/java-8-openjdk-amd64/jre/lib/amd64/libjava.so
7f11b6c0f000-7f11b6c10000 r--p 0002c000 08:08 1181277                    /usr/lib/jvm/java-8-openjdk-amd64/jre/lib/amd64/libjava.so
7f11b6c10000-7f11b6c12000 rw-p 0002d000 08:08 1181277                    /usr/lib/jvm/java-8-openjdk-amd64/jre/lib/amd64/libjava.so
7f11b6c12000-7f11b6c21000 r-xp 00000000 08:08 1181228                    /usr/lib/jvm/java-8-openjdk-amd64/jre/lib/amd64/libverify.so
7f11b6c21000-7f11b6e20000 ---p 0000f000 08:08 1181228                    /usr/lib/jvm/java-8-openjdk-amd64/jre/lib/amd64/libverify.so
7f11b6e20000-7f11b6e22000 r--p 0000e000 08:08 1181228                    /usr/lib/jvm/java-8-openjdk-amd64/jre/lib/amd64/libverify.so
7f11b6e22000-7f11b6e23000 rw-p 00010000 08:08 1181228                    /usr/lib/jvm/java-8-openjdk-amd64/jre/lib/amd64/libverify.so
7f11b6e23000-7f11b6e2a000 r-xp 00000000 08:08 2632517                    /lib/x86_64-linux-gnu/librt-2.23.so
7f11b6e2a000-7f11b7029000 ---p 00007000 08:08 2632517                    /lib/x86_64-linux-gnu/librt-2.23.so
7f11b7029000-7f11b702a000 r--p 00006000 08:08 2632517                    /lib/x86_64-linux-gnu/librt-2.23.so
7f11b702a000-7f11b702b000 rw-p 00007000 08:08 2632517                    /lib/x86_64-linux-gnu/librt-2.23.so
7f11b702b000-7f11b7041000 r-xp 00000000 08:08 2626055                    /lib/x86_64-linux-gnu/libgcc_s.so.1
7f11b7041000-7f11b7240000 ---p 00016000 08:08 2626055                    /lib/x86_64-linux-gnu/libgcc_s.so.1
7f11b7240000-7f11b7241000 rw-p 00015000 08:08 2626055                    /lib/x86_64-linux-gnu/libgcc_s.so.1
7f11b7241000-7f11b7349000 r-xp 00000000 08:08 2623343                    /lib/x86_64-linux-gnu/libm-2.23.so
7f11b7349000-7f11b7548000 ---p 00108000 08:08 2623343                    /lib/x86_64-linux-gnu/libm-2.23.so
7f11b7548000-7f11b7549000 r--p 00107000 08:08 2623343                    /lib/x86_64-linux-gnu/libm-2.23.so
7f11b7549000-7f11b754a000 rw-p 00108000 08:08 2623343                    /lib/x86_64-linux-gnu/libm-2.23.so
7f11b754a000-7f11b76bc000 r-xp 00000000 08:08 1048773                    /usr/lib/x86_64-linux-gnu/libstdc++.so.6.0.21
7f11b76bc000-7f11b78bc000 ---p 00172000 08:08 1048773                    /usr/lib/x86_64-linux-gnu/libstdc++.so.6.0.21
7f11b78bc000-7f11b78c6000 r--p 00172000 08:08 1048773                    /usr/lib/x86_64-linux-gnu/libstdc++.so.6.0.21
7f11b78c6000-7f11b78c8000 rw-p 0017c000 08:08 1048773                    /usr/lib/x86_64-linux-gnu/libstdc++.so.6.0.21
7f11b78c8000-7f11b78cc000 rw-p 00000000 00:00 0 
7f11b78cc000-7f11b851c000 r-xp 00000000 08:08 1181267                    /usr/lib/jvm/java-8-openjdk-amd64/jre/lib/amd64/server/libjvm.so
7f11b851c000-7f11b871b000 ---p 00c50000 08:08 1181267                    /usr/lib/jvm/java-8-openjdk-amd64/jre/lib/amd64/server/libjvm.so
7f11b871b000-7f11b87ae000 r--p 00c4f000 08:08 1181267                    /usr/lib/jvm/java-8-openjdk-amd64/jre/lib/amd64/server/libjvm.so
7f11b87ae000-7f11b87d7000 rw-p 00ce2000 08:08 1181267                    /usr/lib/jvm/java-8-openjdk-amd64/jre/lib/amd64/server/libjvm.so
7f11b87d7000-7f11b8807000 rw-p 00000000 00:00 0 
7f11b8807000-7f11b881f000 r-xp 00000000 08:08 2632525                    /lib/x86_64-linux-gnu/libpthread-2.23.so
7f11b881f000-7f11b8a1e000 ---p 00018000 08:08 2632525                    /lib/x86_64-linux-gnu/libpthread-2.23.so
7f11b8a1e000-7f11b8a1f000 r--p 00017000 08:08 2632525                    /lib/x86_64-linux-gnu/libpthread-2.23.so
7f11b8a1f000-7f11b8a20000 rw-p 00018000 08:08 2632525                    /lib/x86_64-linux-gnu/libpthread-2.23.so
7f11b8a20000-7f11b8a24000 rw-p 00000000 00:00 0 
7f11b8a24000-7f11b8a27000 r-xp 00000000 08:08 2623303                    /lib/x86_64-linux-gnu/libdl-2.23.so
7f11b8a27000-7f11b8c26000 ---p 00003000 08:08 2623303                    /lib/x86_64-linux-gnu/libdl-2.23.so
7f11b8c26000-7f11b8c27000 r--p 00002000 08:08 2623303                    /lib/x86_64-linux-gnu/libdl-2.23.so
7f11b8c27000-7f11b8c28000 rw-p 00003000 08:08 2623303                    /lib/x86_64-linux-gnu/libdl-2.23.so
7f11b8c28000-7f11b8c41000 r-xp 00000000 08:08 2626208                    /lib/x86_64-linux-gnu/libz.so.1.2.8
7f11b8c41000-7f11b8e40000 ---p 00019000 08:08 2626208                    /lib/x86_64-linux-gnu/libz.so.1.2.8
7f11b8e40000-7f11b8e41000 r--p 00018000 08:08 2626208                    /lib/x86_64-linux-gnu/libz.so.1.2.8
7f11b8e41000-7f11b8e42000 rw-p 00019000 08:08 2626208                    /lib/x86_64-linux-gnu/libz.so.1.2.8
7f11b8e42000-7f11b9001000 r-xp 00000000 08:08 2623912                    /lib/x86_64-linux-gnu/libc-2.23.so
7f11b9001000-7f11b9201000 ---p 001bf000 08:08 2623912                    /lib/x86_64-linux-gnu/libc-2.23.so
7f11b9201000-7f11b9205000 r--p 001bf000 08:08 2623912                    /lib/x86_64-linux-gnu/libc-2.23.so
7f11b9205000-7f11b9207000 rw-p 001c3000 08:08 2623912                    /lib/x86_64-linux-gnu/libc-2.23.so
7f11b9207000-7f11b920b000 rw-p 00000000 00:00 0 
7f11b920b000-7f11b9218000 r-xp 00000000 08:08 1181262                    /usr/lib/jvm/java-8-openjdk-amd64/jre/lib/amd64/jli/libjli.so
7f11b9218000-7f11b9418000 ---p 0000d000 08:08 1181262                    /usr/lib/jvm/java-8-openjdk-amd64/jre/lib/amd64/jli/libjli.so
7f11b9418000-7f11b9419000 r--p 0000d000 08:08 1181262                    /usr/lib/jvm/java-8-openjdk-amd64/jre/lib/amd64/jli/libjli.so
7f11b9419000-7f11b941a000 rw-p 0000e000 08:08 1181262                    /usr/lib/jvm/java-8-openjdk-amd64/jre/lib/amd64/jli/libjli.so
7f11b941a000-7f11b9440000 r-xp 00000000 08:08 2623913                    /lib/x86_64-linux-gnu/ld-2.23.so
7f11b9440000-7f11b9441000 r--s 00001000 08:08 4065144                    /home/pedro/.m2/repository/org/clojure/core.cache/0.6.4/core.cache-0.6.4.jar
7f11b9441000-7f11b9443000 r--s 0000d000 08:08 4065135                    /home/pedro/.m2/repository/org/clojure/core.async/0.2.374/core.async-0.2.374.jar
7f11b9443000-7f11b9448000 r--s 0003b000 08:08 1181295                    /usr/lib/jvm/java-8-openjdk-amd64/jre/lib/ext/sunjce_provider.jar
7f11b9448000-7f11b944c000 r--s 00037000 08:08 1181293                    /usr/lib/jvm/java-8-openjdk-amd64/jre/lib/ext/sunpkcs11.jar
7f11b944c000-7f11b9517000 rw-p 00000000 00:00 0 
7f11b9517000-7f11b951a000 ---p 00000000 00:00 0 
7f11b951a000-7f11b961d000 rw-p 00000000 00:00 0 
7f11b961d000-7f11b9620000 r--s 00018000 08:08 4456690                    /home/pedro/.m2/repository/org/apache/xmlgraphics/batik-util/1.8/batik-util-1.8.jar
7f11b9620000-7f11b9623000 r--s 0000f000 08:08 1181290                    /usr/lib/jvm/java-8-openjdk-amd64/jre/lib/ext/icedtea-sound.jar
7f11b9623000-7f11b962d000 r--s 00116000 08:08 1181294                    /usr/lib/jvm/java-8-openjdk-amd64/jre/lib/ext/localedata.jar
7f11b962d000-7f11b962e000 r--s 0000a000 08:08 1181296                    /usr/lib/jvm/java-8-openjdk-amd64/jre/lib/ext/jaccess.jar
7f11b962e000-7f11b9630000 r--s 00001000 08:08 1181289                    /usr/lib/jvm/java-8-openjdk-amd64/jre/lib/ext/dnsns.jar
7f11b9630000-7f11b9632000 r--s 00008000 08:08 1181287                    /usr/lib/jvm/java-8-openjdk-amd64/jre/lib/ext/sunec.jar
7f11b9632000-7f11b9633000 r--s 00010000 08:08 1181292                    /usr/lib/jvm/java-8-openjdk-amd64/jre/lib/ext/zipfs.jar
7f11b9633000-7f11b963b000 rw-s 00000000 08:08 4066684                    /tmp/hsperfdata_pedro/4364
7f11b963b000-7f11b963c000 rw-p 00000000 00:00 0 
7f11b963c000-7f11b963d000 r--p 00000000 00:00 0 
7f11b963d000-7f11b963f000 rw-p 00000000 00:00 0 
7f11b963f000-7f11b9640000 r--p 00025000 08:08 2623913                    /lib/x86_64-linux-gnu/ld-2.23.so
7f11b9640000-7f11b9641000 rw-p 00026000 08:08 2623913                    /lib/x86_64-linux-gnu/ld-2.23.so
7f11b9641000-7f11b9642000 rw-p 00000000 00:00 0 
7ffcfd56b000-7ffcfd58d000 rw-p 00000000 00:00 0                          [stack]
7ffcfd5ba000-7ffcfd5bc000 r--p 00000000 00:00 0                          [vvar]
7ffcfd5bc000-7ffcfd5be000 r-xp 00000000 00:00 0                          [vdso]
ffffffffff600000-ffffffffff601000 r-xp 00000000 00:00 0                  [vsyscall]

VM Arguments:
jvm_args: -Dfile.encoding=UTF-8 -XX:+TieredCompilation -XX:TieredStopAtLevel=1 -XX:-OmitStackTraceInFastThrow -Dclojure.compile.path=/home/pedro/GitHub/agar/target/classes -Dagar.version=0.0.0 -Dclojure.debug=false 
java_command: clojure.main -i /tmp/form-init8695202643554586070.clj
java_class_path (initial): /home/pedro/GitHub/agar/test:/home/pedro/GitHub/agar/src:/home/pedro/GitHub/agar/test:/home/pedro/GitHub/agar/src:/home/pedro/GitHub/agar/dev-resources:/home/pedro/GitHub/agar/resources:/home/pedro/GitHub/agar/target/classes:/home/pedro/.m2/repository/org/apache/xmlgraphics/batik-util/1.8/batik-util-1.8.jar:/home/pedro/.m2/repository/quil/processing-core/3.2.2/processing-core-3.2.2.jar:/home/pedro/.m2/repository/org/clojure/core.async/0.2.374/core.async-0.2.374.jar:/home/pedro/.m2/repository/org/apache/xmlgraphics/batik-svggen/1.8/batik-svggen-1.8.jar:/home/pedro/.m2/repository/org/clojure/core.cache/0.6.4/core.cache-0.6.4.jar:/home/pedro/.m2/repository/defprecated/defprecated/0.1.3/defprecated-0.1.3.jar:/home/pedro/.m2/repository/proto-repl-charts/proto-repl-charts/0.3.2/proto-repl-charts-0.3.2.jar:/home/pedro/.m2/repository/com/lowagie/itext/2.1.7/itext-2.1.7.jar:/home/pedro/.m2/repository/org/clojure/tools.reader/1.0.0-alpha3/tools.reader-1.0.0-alpha3.jar:/home/pedro/.m2/repository/quil/quil/2.5.0/quil-2.5.0.jar:/home/pedro/.m2/repository/org/clojure/tools.macro/0.1.5/tools.macro-0.1.5.jar:/home/pedro/.m2/repository/org/apache/xmlgraphics/batik-css/1.8/batik-css-1.8.jar:/home/pedro/.m2/repository/compliment/compliment/0.2.7/compliment-0.2.7.jar:/home/pedro/.m2/repository/proto-repl-sayid/proto-repl-sayid/0.1.3/proto-repl-sayid-0.1.3.jar:/home/pedro/.m2/repository/org/bouncycastle/bcmail-jdk14/1.38/bcmail-jdk14-1.38.jar:/home/pedro/.m2/repository/org/ow2/asm/asm-all/4.2/asm-all-4.2.jar:/home/pedro/.m2/repository/net/mikera/vectorz-clj/0.45.0/vectorz-clj-0.45.0.jar:/home/pedro/.m2/repository/org/clojure/tools.analyzer/0.6.7/tools.analyzer-0.6.7.jar:/home/pedro/.m2/repository/org/clojure/tools.nrepl/0.2.12/tools.nrepl-0.2.12.jar:/home/pedro/.m2/repository/org/clojure/test.check/0.9.0/test.check-0.9.0.jar:/home/pedro/.m2/repository/xml-apis/xml-apis/1.3.04/xml-apis-1.3.04.jar:/home/pedro/.m2/repository/clojure-complete/clojure-complete/0.
Launcher Type: SUN_STANDARD

Environment Variables:
CLASSPATH=/home/pedro/.lein/self-installs/leiningen-2.6.1-standalone.jar
PATH=/home/pedro/bin:/usr/local/sbin:/usr/local/bin:/usr/sbin:/usr/bin:/sbin:/bin:/usr/games:/usr/local/games:~/GitHub/dollabs/pamela/bin:~/GitHub/dollabs/planviz/bin:/snap/bin:/snap/bin:/home/pedro/bin/gcc-arm-embedded/gcc-arm-none-eabi-4_8-2014q2/bin:/bin
SHELL=/bin/bash
DISPLAY=:0

Signal Handlers:
SIGSEGV: [libjvm.so+0xa66fd0], sa_mask[0]=11111111011111111101111111111110, sa_flags=SA_RESTART|SA_SIGINFO
SIGBUS: [libjvm.so+0xa66fd0], sa_mask[0]=11111111011111111101111111111110, sa_flags=SA_RESTART|SA_SIGINFO
SIGFPE: [libjvm.so+0x8b0180], sa_mask[0]=11111111011111111101111111111110, sa_flags=SA_RESTART|SA_SIGINFO
SIGPIPE: [libjvm.so+0x8b0180], sa_mask[0]=11111111011111111101111111111110, sa_flags=SA_RESTART|SA_SIGINFO
SIGXFSZ: [libjvm.so+0x8b0180], sa_mask[0]=11111111011111111101111111111110, sa_flags=SA_RESTART|SA_SIGINFO
SIGILL: [libjvm.so+0x8b0180], sa_mask[0]=11111111011111111101111111111110, sa_flags=SA_RESTART|SA_SIGINFO
SIGUSR1: SIG_DFL, sa_mask[0]=00000000000000000000000000000000, sa_flags=none
SIGUSR2: [libjvm.so+0x8b0030], sa_mask[0]=00100000000000000000000000000000, sa_flags=SA_RESTART|SA_SIGINFO
SIGHUP: [libjvm.so+0x8b0500], sa_mask[0]=11111111011111111101111111111110, sa_flags=SA_RESTART|SA_SIGINFO
SIGINT: SIG_IGN, sa_mask[0]=00000000000000000000000000000000, sa_flags=none
SIGTERM: [libjvm.so+0x8b0500], sa_mask[0]=11111111011111111101111111111110, sa_flags=SA_RESTART|SA_SIGINFO
SIGQUIT: [libjvm.so+0x8b0500], sa_mask[0]=11111111011111111101111111111110, sa_flags=SA_RESTART|SA_SIGINFO


---------------  S Y S T E M  ---------------

OS:DISTRIB_ID=Ubuntu
DISTRIB_RELEASE=16.04
DISTRIB_CODENAME=xenial
DISTRIB_DESCRIPTION="Ubuntu 16.04.2 LTS"

uname:Linux 4.4.0-72-generic #93-Ubuntu SMP Fri Mar 31 14:07:41 UTC 2017 x86_64
libc:glibc 2.23 NPTL 2.23 
rlimit: STACK 8192k, CORE 0k, NPROC 31082, NOFILE 65536, AS infinity
load average:0,85 0,87 0,87

/proc/meminfo:
MemTotal:        8071108 kB
MemFree:         3196996 kB
MemAvailable:    4935916 kB
Buffers:          177660 kB
Cached:          1784708 kB
SwapCached:           36 kB
Active:          3295096 kB
Inactive:        1212164 kB
Active(anon):    2456000 kB
Inactive(anon):   270080 kB
Active(file):     839096 kB
Inactive(file):   942084 kB
Unevictable:          32 kB
Mlocked:              32 kB
SwapTotal:       8284156 kB
SwapFree:        8278668 kB
Dirty:                64 kB
Writeback:             0 kB
AnonPages:       2545016 kB
Mapped:           124140 kB
Shmem:            181084 kB
Slab:             297108 kB
SReclaimable:     263644 kB
SUnreclaim:        33464 kB
KernelStack:        6656 kB
PageTables:        12080 kB
NFS_Unstable:          0 kB
Bounce:                0 kB
WritebackTmp:          0 kB
CommitLimit:    12319708 kB
Committed_AS:    3741024 kB
VmallocTotal:   34359738367 kB
VmallocUsed:           0 kB
VmallocChunk:          0 kB
HardwareCorrupted:     0 kB
AnonHugePages:   2154496 kB
CmaTotal:              0 kB
CmaFree:               0 kB
HugePages_Total:       0
HugePages_Free:        0
HugePages_Rsvd:        0
HugePages_Surp:        0
Hugepagesize:       2048 kB
DirectMap4k:      224224 kB
DirectMap2M:     8060928 kB
DirectMap1G:           0 kB


CPU:total 4 (2 cores per cpu, 2 threads per core) family 6 model 69 stepping 1, cmov, cx8, fxsr, mmx, sse, sse2, sse3, ssse3, sse4.1, sse4.2, popcnt, avx, avx2, aes, clmul, erms, lzcnt, ht, tsc, tscinvbit, bmi1, bmi2

/proc/cpuinfo:
processor	: 0
vendor_id	: GenuineIntel
cpu family	: 6
model		: 69
model name	: Intel(R) Core(TM) i7-4500U CPU @ 1.80GHz
stepping	: 1
microcode	: 0x1d
cpu MHz		: 799.945
cache size	: 4096 KB
physical id	: 0
siblings	: 4
core id		: 0
cpu cores	: 2
apicid		: 0
initial apicid	: 0
fpu		: yes
fpu_exception	: yes
cpuid level	: 13
wp		: yes
flags		: fpu vme de pse tsc msr pae mce cx8 apic sep mtrr pge mca cmov pat pse36 clflush dts acpi mmx fxsr sse sse2 ss ht tm pbe syscall nx pdpe1gb rdtscp lm constant_tsc arch_perfmon pebs bts rep_good nopl xtopology nonstop_tsc aperfmperf eagerfpu pni pclmulqdq dtes64 monitor ds_cpl vmx est tm2 ssse3 sdbg fma cx16 xtpr pdcm pcid sse4_1 sse4_2 movbe popcnt tsc_deadline_timer aes xsave avx f16c rdrand lahf_lm abm epb tpr_shadow vnmi flexpriority ept vpid fsgsbase tsc_adjust bmi1 avx2 smep bmi2 erms invpcid xsaveopt dtherm ida arat pln pts
bugs		:
bogomips	: 3591.47
clflush size	: 64
cache_alignment	: 64
address sizes	: 39 bits physical, 48 bits virtual
power management:

processor	: 1
vendor_id	: GenuineIntel
cpu family	: 6
model		: 69
model name	: Intel(R) Core(TM) i7-4500U CPU @ 1.80GHz
stepping	: 1
microcode	: 0x1d
cpu MHz		: 799.945
cache size	: 4096 KB
physical id	: 0
siblings	: 4
core id		: 0
cpu cores	: 2
apicid		: 1
initial apicid	: 1
fpu		: yes
fpu_exception	: yes
cpuid level	: 13
wp		: yes
flags		: fpu vme de pse tsc msr pae mce cx8 apic sep mtrr pge mca cmov pat pse36 clflush dts acpi mmx fxsr sse sse2 ss ht tm pbe syscall nx pdpe1gb rdtscp lm constant_tsc arch_perfmon pebs bts rep_good nopl xtopology nonstop_tsc aperfmperf eagerfpu pni pclmulqdq dtes64 monitor ds_cpl vmx est tm2 ssse3 sdbg fma cx16 xtpr pdcm pcid sse4_1 sse4_2 movbe popcnt tsc_deadline_timer aes xsave avx f16c rdrand lahf_lm abm epb tpr_shadow vnmi flexpriority ept vpid fsgsbase tsc_adjust bmi1 avx2 smep bmi2 erms invpcid xsaveopt dtherm ida arat pln pts
bugs		:
bogomips	: 3591.47
clflush size	: 64
cache_alignment	: 64
address sizes	: 39 bits physical, 48 bits virtual
power management:

processor	: 2
vendor_id	: GenuineIntel
cpu family	: 6
model		: 69
model name	: Intel(R) Core(TM) i7-4500U CPU @ 1.80GHz
stepping	: 1
microcode	: 0x1d
cpu MHz		: 799.945
cache size	: 4096 KB
physical id	: 0
siblings	: 4
core id		: 1
cpu cores	: 2
apicid		: 2
initial apicid	: 2
fpu		: yes
fpu_exception	: yes
cpuid level	: 13
wp		: yes
flags		: fpu vme de pse tsc msr pae mce cx8 apic sep mtrr pge mca cmov pat pse36 clflush dts acpi mmx fxsr sse sse2 ss ht tm pbe syscall nx pdpe1gb rdtscp lm constant_tsc arch_perfmon pebs bts rep_good nopl xtopology nonstop_tsc aperfmperf eagerfpu pni pclmulqdq dtes64 monitor ds_cpl vmx est tm2 ssse3 sdbg fma cx16 xtpr pdcm pcid sse4_1 sse4_2 movbe popcnt tsc_deadline_timer aes xsave avx f16c rdrand lahf_lm abm epb tpr_shadow vnmi flexpriority ept vpid fsgsbase tsc_adjust bmi1 avx2 smep bmi2 erms invpcid xsaveopt dtherm ida arat pln pts
bugs		:
bogomips	: 3591.47
clflush size	: 64
cache_alignment	: 64
address sizes	: 39 bits physical, 48 bits virtual
power management:

processor	: 3
vendor_id	: GenuineIntel
cpu family	: 6
model		: 69
model name	: Intel(R) Core(TM) i7-4500U CPU @ 1.80GHz
stepping	: 1
microcode	: 0x1d
cpu MHz		: 799.945
cache size	: 4096 KB
physical id	: 0
siblings	: 4
core id		: 1
cpu cores	: 2
apicid		: 3
initial apicid	: 3
fpu		: yes
fpu_exception	: yes
cpuid level	: 13
wp		: yes
flags		: fpu vme de pse tsc msr pae mce cx8 apic sep mtrr pge mca cmov pat pse36 clflush dts acpi mmx fxsr sse sse2 ss ht tm pbe syscall nx pdpe1gb rdtscp lm constant_tsc arch_perfmon pebs bts rep_good nopl xtopology nonstop_tsc aperfmperf eagerfpu pni pclmulqdq dtes64 monitor ds_cpl vmx est tm2 ssse3 sdbg fma cx16 xtpr pdcm pcid sse4_1 sse4_2 movbe popcnt tsc_deadline_timer aes xsave avx f16c rdrand lahf_lm abm epb tpr_shadow vnmi flexpriority ept vpid fsgsbase tsc_adjust bmi1 avx2 smep bmi2 erms invpcid xsaveopt dtherm ida arat pln pts
bugs		:
bogomips	: 3591.47
clflush size	: 64
cache_alignment	: 64
address sizes	: 39 bits physical, 48 bits virtual
power management:



Memory: 4k page, physical 8071108k(3201816k free), swap 8284156k(8278668k free)

vm_info: OpenJDK 64-Bit Server VM (25.121-b13) for linux-amd64 JRE (1.8.0_121-8u121-b13-0ubuntu1.16.04.2-b13), built on Jan 23 2017 15:51:29 by "buildd" with gcc 5.4.0 20160609

time: Tue Apr 25 01:00:28 2017
elapsed time: 14324 seconds (0d 3h 58m 44s)

